header: 
  seq: 975
  stamp: 
    secs: 0
    nsecs:         0
  frame_id: ''
name: ''
x: -0.22847607353921762
y: -0.008815895122654658
heading_angle: -0.0888874492776475
velocity: 2.1926246916893456e-05
acceleration: 0.0
jerk: 0.0
steering_angle: 0.0
steering_angle_velocity: 0.0
time_from_start: 0.0
[[1.824196379740812e-17, 0.09791387704779675, 5.124703125344686, 2.1926246916893456e-05, 0, 0, 0, 0, 0.0], [0.00028925273637215313, 0.0972525545205698, 5.14807625132628, 0.008388684171135094, 0, 0, 0, 0, 0.25], [0.0022080255086376513, 0.09313079372147481, 5.1844432843305785, 0.029685782607988986, 0, 0, 0, 0, 0.5], [0.0071844369999390124, 0.08338369257046768, 5.227943954547072, 0.05879433096592306, 0, 0, 0, 0, 0.75], [0.016426895326781425, 0.06707369887639136, 5.278992397837079, 0.0914845893048439, 0, 0, 0, 0, 1.0]]
^C[rviz-10] killing on exit
[ego_vehicle/gazebo_manager_node-9] killing on exit
[ego_vehicle/robot_state_publisher_node-8] killing on exit
[ego_vehicle/controller_spawner-7] killing on exit
[ego_vehicle/slam_gmapping-5] killing on exit
[gazebo_gui-4] killing on exit
[gazebo-3] killing on exit
[ego_vehicle/planning_manager_node-2] killing on exit
[INFO] [1702968845.963507, 98.412000]: Shutting down spawner. Stopping and unloading controllers...
[INFO] [1702968845.964814, 98.413000]: Stopping all controllers...
-----------------
header: 
  seq: 979
  stamp: 
    secs: 0
    nsecs:         0
  frame_id: ''
name: ''
x: -0.22849536759600447
y: -0.008814088862231707
heading_angle: -0.08888956092424942
velocity: 2.9879794438430625e-05
acceleration: 0.0
jerk: 0.0
steering_angle: 0.0
steering_angle_velocity: 0.0
time_from_start: 0.0
[[1.8242940842258542e-17, 0.09792983340110778, 5.127088710657571, 2.987979443843062e-05, 0, 0, 0, 0, 0.0], [0.00029122577721928805, 0.09726830275368004, 5.1484263647661335, 0.008392834206874342, 0, 0, 0, 0, 0.25], [0.0022119285562342875, 0.09314616872879605, 5.184567144281327, 0.02969086433551137, 0, 0, 0, 0, 0.5], [0.007190189304910936, 0.0833984269156886, 5.227999532567399, 0.05880051800844537, 0, 0, 0, 0, 0.75], [0.016434384226828094, 0.06708748219535432, 5.279017371245038, 0.09149181996116892, 0, 0, 0, 0, 1.0]]